C51 COMPILER V9.00   流水灯                                                                05/25/2017 17:47:23 PAGE 1   


C51 COMPILER V9.00, COMPILATION OF MODULE 流水灯
OBJECT MODULE PLACED IN 流水灯.OBJ
COMPILER INVOKED BY: F:\keil 4\C51\BIN\C51.EXE 流水灯.c BROWSE DEBUG OBJECTEXTEND

line level    source

   1          #include<reg52.h>
   2          
   3          void delay(a)
   4          {
   5   1              int i,j;
   6   1              for(i=0;i<a;i++)
   7   1                      for(j=0;j<1000;j++);
   8   1      }
   9          
  10          main()
  11          {
  12   1              while(1)
  13   1              {
  14   2                      delay(100);
  15   2                      P0=0xfe;
  16   2                      delay(100);
  17   2                      P0=0xfd;
  18   2                      delay(100);
  19   2                      P0=0xfb;
  20   2                      delay(100);
  21   2                      P0=0xf7;
  22   2                      delay(100);
  23   2                      P0=0xef;
  24   2                      delay(100);
  25   2                      P0=0xdf;
  26   2                      delay(100);
  27   2                      P0=0xbf;
  28   2                      delay(100);
  29   2                      P0=0x7f;
  30   2                      delay(100);
  31   2                      P0=0xbf;
  32   2                      delay(100);
  33   2                      P0=0xdf;
  34   2                      delay(100);
  35   2                      P0=0xef;
  36   2                      delay(100);
  37   2                      P0=0xf7;
  38   2                      delay(100);
  39   2                      P0=0xfb;
  40   2                      delay(100);
  41   2                      P0=0xfd;
  42   2                      delay(100);
  43   2              }
  44   1      }


MODULE INFORMATION:   STATIC OVERLAYABLE
   CODE SIZE        =    125    ----
   CONSTANT SIZE    =   ----    ----
   XDATA SIZE       =   ----    ----
   PDATA SIZE       =   ----    ----
   DATA SIZE        =   ----    ----
   IDATA SIZE       =   ----    ----
   BIT SIZE         =   ----    ----
END OF MODULE INFORMATION.

C51 COMPILER V9.00   流水灯                                                                05/25/2017 17:47:23 PAGE 2   


C51 COMPILATION COMPLETE.  0 WARNING(S),  0 ERROR(S)
